[0.067s] DEBUG:colcon:Command line arguments: ['/usr/bin/colcon', 'build']
[0.067s] DEBUG:colcon:Parsed command line arguments: Namespace(log_base=None, log_level=None, verb_name='build', build_base='build', install_base='install', merge_install=False, symlink_install=False, test_result_base=None, continue_on_error=False, executor='parallel', parallel_workers=8, event_handlers=None, ignore_user_meta=False, metas=['./colcon.meta'], base_paths=['.'], packages_ignore=None, packages_ignore_regex=None, paths=None, packages_up_to=None, packages_up_to_regex=None, packages_above=None, packages_above_and_dependencies=None, packages_above_depth=None, packages_select_by_dep=None, packages_skip_by_dep=None, packages_skip_up_to=None, packages_select_build_failed=False, packages_skip_build_finished=False, packages_select_test_failures=False, packages_skip_test_passed=False, packages_select=None, packages_skip=None, packages_select_regex=None, packages_skip_regex=None, packages_start=None, packages_end=None, allow_overriding=[], cmake_args=None, cmake_target=None, cmake_target_skip_unavailable=False, cmake_clean_cache=False, cmake_clean_first=False, cmake_force_configure=False, ament_cmake_args=None, catkin_cmake_args=None, catkin_skip_building_tests=False, verb_parser=<colcon_defaults.argument_parser.defaults.DefaultArgumentsDecorator object at 0x74d95be56b30>, verb_extension=<colcon_core.verb.build.BuildVerb object at 0x74d95be56650>, main=<bound method BuildVerb.main of <colcon_core.verb.build.BuildVerb object at 0x74d95be56650>>)
[0.183s] Level 1:colcon.colcon_core.package_discovery:discover_packages(colcon_meta) check parameters
[0.183s] Level 1:colcon.colcon_core.package_discovery:discover_packages(recursive) check parameters
[0.183s] Level 1:colcon.colcon_core.package_discovery:discover_packages(ignore) check parameters
[0.183s] Level 1:colcon.colcon_core.package_discovery:discover_packages(path) check parameters
[0.184s] Level 1:colcon.colcon_core.package_discovery:discover_packages(colcon_meta) discover
[0.184s] Level 1:colcon.colcon_core.package_discovery:discover_packages(recursive) discover
[0.184s] INFO:colcon.colcon_core.package_discovery:Crawling recursively for packages in '/home/sonia/ros2_sonia_ws/src/slam_detect'
[0.184s] Level 1:colcon.colcon_core.package_identification:_identify(.) by extensions ['ignore', 'ignore_ament_install']
[0.184s] Level 1:colcon.colcon_core.package_identification:_identify(.) by extension 'ignore'
[0.184s] Level 1:colcon.colcon_core.package_identification:_identify(.) by extension 'ignore_ament_install'
[0.184s] Level 1:colcon.colcon_core.package_identification:_identify(.) by extensions ['colcon_pkg']
[0.184s] Level 1:colcon.colcon_core.package_identification:_identify(.) by extension 'colcon_pkg'
[0.184s] Level 1:colcon.colcon_core.package_identification:_identify(.) by extensions ['colcon_meta']
[0.184s] Level 1:colcon.colcon_core.package_identification:_identify(.) by extension 'colcon_meta'
[0.184s] Level 1:colcon.colcon_core.package_identification:_identify(.) by extensions ['ros']
[0.184s] Level 1:colcon.colcon_core.package_identification:_identify(.) by extension 'ros'
[0.198s] DEBUG:colcon.colcon_core.package_identification:Package '.' with type 'ros.ament_cmake' and name 'slam_detect'
[0.198s] Level 1:colcon.colcon_core.package_discovery:discover_packages(recursive) using defaults
[0.198s] Level 1:colcon.colcon_core.package_discovery:discover_packages(ignore) discover
[0.198s] Level 1:colcon.colcon_core.package_discovery:discover_packages(ignore) using defaults
[0.198s] Level 1:colcon.colcon_core.package_discovery:discover_packages(path) discover
[0.198s] Level 1:colcon.colcon_core.package_discovery:discover_packages(path) using defaults
[0.211s] Level 1:colcon.colcon_core.package_discovery:discover_packages(prefix_path) check parameters
[0.211s] Level 1:colcon.colcon_core.package_discovery:discover_packages(prefix_path) discover
[0.213s] DEBUG:colcon.colcon_installed_package_information.package_discovery:Found 14 installed packages in /home/sonia/ros2_sonia_ws/install
[0.214s] DEBUG:colcon.colcon_installed_package_information.package_discovery:Found 277 installed packages in /opt/ros/humble
[0.215s] Level 1:colcon.colcon_core.package_discovery:discover_packages(prefix_path) using defaults
[0.236s] Level 5:colcon.colcon_core.verb:set package 'slam_detect' build argument 'cmake_args' from command line to 'None'
[0.236s] Level 5:colcon.colcon_core.verb:set package 'slam_detect' build argument 'cmake_target' from command line to 'None'
[0.236s] Level 5:colcon.colcon_core.verb:set package 'slam_detect' build argument 'cmake_target_skip_unavailable' from command line to 'False'
[0.236s] Level 5:colcon.colcon_core.verb:set package 'slam_detect' build argument 'cmake_clean_cache' from command line to 'False'
[0.236s] Level 5:colcon.colcon_core.verb:set package 'slam_detect' build argument 'cmake_clean_first' from command line to 'False'
[0.236s] Level 5:colcon.colcon_core.verb:set package 'slam_detect' build argument 'cmake_force_configure' from command line to 'False'
[0.236s] Level 5:colcon.colcon_core.verb:set package 'slam_detect' build argument 'ament_cmake_args' from command line to 'None'
[0.236s] Level 5:colcon.colcon_core.verb:set package 'slam_detect' build argument 'catkin_cmake_args' from command line to 'None'
[0.236s] Level 5:colcon.colcon_core.verb:set package 'slam_detect' build argument 'catkin_skip_building_tests' from command line to 'False'
[0.236s] DEBUG:colcon.colcon_core.verb:Building package 'slam_detect' with the following arguments: {'ament_cmake_args': None, 'build_base': '/home/sonia/ros2_sonia_ws/src/slam_detect/build/slam_detect', 'catkin_cmake_args': None, 'catkin_skip_building_tests': False, 'cmake_args': None, 'cmake_clean_cache': False, 'cmake_clean_first': False, 'cmake_force_configure': False, 'cmake_target': None, 'cmake_target_skip_unavailable': False, 'install_base': '/home/sonia/ros2_sonia_ws/src/slam_detect/install/slam_detect', 'merge_install': False, 'path': '/home/sonia/ros2_sonia_ws/src/slam_detect', 'symlink_install': False, 'test_result_base': None}
[0.236s] INFO:colcon.colcon_core.executor:Executing jobs using 'parallel' executor
[0.237s] DEBUG:colcon.colcon_parallel_executor.executor.parallel:run_until_complete
[0.237s] INFO:colcon.colcon_ros.task.ament_cmake.build:Building ROS package in '/home/sonia/ros2_sonia_ws/src/slam_detect' with build type 'ament_cmake'
[0.237s] INFO:colcon.colcon_cmake.task.cmake.build:Building CMake package in '/home/sonia/ros2_sonia_ws/src/slam_detect'
[0.239s] INFO:colcon.colcon_core.plugin_system:Skipping extension 'colcon_core.shell.bat': Not used on non-Windows systems
[0.239s] INFO:colcon.colcon_core.shell:Skip shell extension 'powershell' for command environment: Not usable outside of PowerShell
[0.239s] DEBUG:colcon.colcon_core.shell:Skip shell extension 'dsv' for command environment
[0.245s] DEBUG:colcon.colcon_core.event_handler.log_command:Invoking command in '/home/sonia/ros2_sonia_ws/src/slam_detect/build/slam_detect': CMAKE_PREFIX_PATH=${CMAKE_PREFIX_PATH}:/home/sonia/ros2_sonia_ws/install/rqt_waypoint:/home/sonia/ros2_sonia_ws/install/rqt_toolbar:/home/sonia/ros2_sonia_ws/install/rqt_thruster_effort:/home/sonia/ros2_sonia_ws/install/rqt_thruster_control:/home/sonia/ros2_sonia_ws/install/rqt_power:/home/sonia/ros2_sonia_ws/install/rqt_dvl:/home/sonia/ros2_sonia_ws/install/rqt_depth_indicator:/home/sonia/ros2_sonia_ws/install/rqt_actuator:/home/sonia/ros2_sonia_ws/install/sonia_common_py:/opt/ros/humble /usr/bin/cmake /home/sonia/ros2_sonia_ws/src/slam_detect -DCMAKE_INSTALL_PREFIX=/home/sonia/ros2_sonia_ws/src/slam_detect/install/slam_detect
[1.110s] DEBUG:colcon.colcon_core.event_handler.log_command:Invoked command in '/home/sonia/ros2_sonia_ws/src/slam_detect/build/slam_detect' returned '0': CMAKE_PREFIX_PATH=${CMAKE_PREFIX_PATH}:/home/sonia/ros2_sonia_ws/install/rqt_waypoint:/home/sonia/ros2_sonia_ws/install/rqt_toolbar:/home/sonia/ros2_sonia_ws/install/rqt_thruster_effort:/home/sonia/ros2_sonia_ws/install/rqt_thruster_control:/home/sonia/ros2_sonia_ws/install/rqt_power:/home/sonia/ros2_sonia_ws/install/rqt_dvl:/home/sonia/ros2_sonia_ws/install/rqt_depth_indicator:/home/sonia/ros2_sonia_ws/install/rqt_actuator:/home/sonia/ros2_sonia_ws/install/sonia_common_py:/opt/ros/humble /usr/bin/cmake /home/sonia/ros2_sonia_ws/src/slam_detect -DCMAKE_INSTALL_PREFIX=/home/sonia/ros2_sonia_ws/src/slam_detect/install/slam_detect
[1.111s] DEBUG:colcon.colcon_core.event_handler.log_command:Invoking command in '/home/sonia/ros2_sonia_ws/src/slam_detect/build/slam_detect': CMAKE_PREFIX_PATH=${CMAKE_PREFIX_PATH}:/home/sonia/ros2_sonia_ws/install/rqt_waypoint:/home/sonia/ros2_sonia_ws/install/rqt_toolbar:/home/sonia/ros2_sonia_ws/install/rqt_thruster_effort:/home/sonia/ros2_sonia_ws/install/rqt_thruster_control:/home/sonia/ros2_sonia_ws/install/rqt_power:/home/sonia/ros2_sonia_ws/install/rqt_dvl:/home/sonia/ros2_sonia_ws/install/rqt_depth_indicator:/home/sonia/ros2_sonia_ws/install/rqt_actuator:/home/sonia/ros2_sonia_ws/install/sonia_common_py:/opt/ros/humble /usr/bin/cmake --build /home/sonia/ros2_sonia_ws/src/slam_detect/build/slam_detect -- -j8 -l8
[4.378s] DEBUG:colcon.colcon_core.event_handler.log_command:Invoked command in '/home/sonia/ros2_sonia_ws/src/slam_detect/build/slam_detect' returned '2': CMAKE_PREFIX_PATH=${CMAKE_PREFIX_PATH}:/home/sonia/ros2_sonia_ws/install/rqt_waypoint:/home/sonia/ros2_sonia_ws/install/rqt_toolbar:/home/sonia/ros2_sonia_ws/install/rqt_thruster_effort:/home/sonia/ros2_sonia_ws/install/rqt_thruster_control:/home/sonia/ros2_sonia_ws/install/rqt_power:/home/sonia/ros2_sonia_ws/install/rqt_dvl:/home/sonia/ros2_sonia_ws/install/rqt_depth_indicator:/home/sonia/ros2_sonia_ws/install/rqt_actuator:/home/sonia/ros2_sonia_ws/install/sonia_common_py:/opt/ros/humble /usr/bin/cmake --build /home/sonia/ros2_sonia_ws/src/slam_detect/build/slam_detect -- -j8 -l8
[4.379s] Level 1:colcon.colcon_core.environment:create_environment_scripts_only(slam_detect)
[4.380s] Level 1:colcon.colcon_core.environment:checking '/home/sonia/ros2_sonia_ws/src/slam_detect/install/slam_detect' for CMake module files
[4.381s] Level 1:colcon.colcon_core.environment:checking '/home/sonia/ros2_sonia_ws/src/slam_detect/install/slam_detect' for CMake config files
[4.381s] Level 1:colcon.colcon_core.environment:checking '/home/sonia/ros2_sonia_ws/src/slam_detect/install/slam_detect/bin'
[4.381s] Level 1:colcon.colcon_core.environment:checking '/home/sonia/ros2_sonia_ws/src/slam_detect/install/slam_detect/lib/pkgconfig/slam_detect.pc'
[4.381s] Level 1:colcon.colcon_core.environment:checking '/home/sonia/ros2_sonia_ws/src/slam_detect/install/slam_detect/lib/python3.10/site-packages'
[4.381s] Level 1:colcon.colcon_core.environment:checking '/home/sonia/ros2_sonia_ws/src/slam_detect/install/slam_detect/bin'
[4.381s] INFO:colcon.colcon_core.shell:Creating package script '/home/sonia/ros2_sonia_ws/src/slam_detect/install/slam_detect/share/slam_detect/package.ps1'
[4.382s] INFO:colcon.colcon_core.shell:Creating package descriptor '/home/sonia/ros2_sonia_ws/src/slam_detect/install/slam_detect/share/slam_detect/package.dsv'
[4.382s] INFO:colcon.colcon_core.shell:Creating package script '/home/sonia/ros2_sonia_ws/src/slam_detect/install/slam_detect/share/slam_detect/package.sh'
[4.383s] INFO:colcon.colcon_core.shell:Creating package script '/home/sonia/ros2_sonia_ws/src/slam_detect/install/slam_detect/share/slam_detect/package.bash'
[4.383s] INFO:colcon.colcon_core.shell:Creating package script '/home/sonia/ros2_sonia_ws/src/slam_detect/install/slam_detect/share/slam_detect/package.zsh'
[4.384s] Level 1:colcon.colcon_core.environment:create_file_with_runtime_dependencies(/home/sonia/ros2_sonia_ws/src/slam_detect/install/slam_detect/share/colcon-core/packages/slam_detect)
[4.394s] DEBUG:colcon.colcon_parallel_executor.executor.parallel:closing loop
[4.394s] DEBUG:colcon.colcon_parallel_executor.executor.parallel:loop closed
[4.394s] DEBUG:colcon.colcon_parallel_executor.executor.parallel:run_until_complete finished with '2'
[4.394s] DEBUG:colcon.colcon_core.event_reactor:joining thread
[4.398s] INFO:colcon.colcon_core.plugin_system:Skipping extension 'colcon_notification.desktop_notification.terminal_notifier': Not used on non-Darwin systems
[4.398s] INFO:colcon.colcon_core.plugin_system:Skipping extension 'colcon_notification.desktop_notification.win32': Not used on non-Windows systems
[4.399s] INFO:colcon.colcon_notification.desktop_notification:Sending desktop notification using 'notify2'
[4.412s] DEBUG:colcon.colcon_core.event_reactor:joined thread
[4.413s] INFO:colcon.colcon_core.shell:Creating prefix script '/home/sonia/ros2_sonia_ws/src/slam_detect/install/local_setup.ps1'
[4.413s] INFO:colcon.colcon_core.shell:Creating prefix util module '/home/sonia/ros2_sonia_ws/src/slam_detect/install/_local_setup_util_ps1.py'
[4.414s] INFO:colcon.colcon_core.shell:Creating prefix chain script '/home/sonia/ros2_sonia_ws/src/slam_detect/install/setup.ps1'
[4.415s] INFO:colcon.colcon_core.shell:Creating prefix script '/home/sonia/ros2_sonia_ws/src/slam_detect/install/local_setup.sh'
[4.416s] INFO:colcon.colcon_core.shell:Creating prefix util module '/home/sonia/ros2_sonia_ws/src/slam_detect/install/_local_setup_util_sh.py'
[4.416s] INFO:colcon.colcon_core.shell:Creating prefix chain script '/home/sonia/ros2_sonia_ws/src/slam_detect/install/setup.sh'
[4.417s] INFO:colcon.colcon_core.shell:Creating prefix script '/home/sonia/ros2_sonia_ws/src/slam_detect/install/local_setup.bash'
[4.417s] INFO:colcon.colcon_core.shell:Creating prefix chain script '/home/sonia/ros2_sonia_ws/src/slam_detect/install/setup.bash'
[4.418s] INFO:colcon.colcon_core.shell:Creating prefix script '/home/sonia/ros2_sonia_ws/src/slam_detect/install/local_setup.zsh'
[4.418s] INFO:colcon.colcon_core.shell:Creating prefix chain script '/home/sonia/ros2_sonia_ws/src/slam_detect/install/setup.zsh'
