-- The C compiler identification is GNU 11.4.0
-- The CXX compiler identification is GNU 11.4.0
-- Detecting C compiler ABI info
-- Detecting C compiler ABI info - done
-- Check for working C compiler: /usr/bin/cc - skipped
-- Detecting C compile features
-- Detecting C compile features - done
-- Detecting CXX compiler ABI info
-- Detecting CXX compiler ABI info - done
-- Check for working CXX compiler: /usr/bin/c++ - skipped
-- Detecting CXX compile features
-- Detecting CXX compile features - done
-- Found ament_cmake: 1.3.12 (/opt/ros/humble/share/ament_cmake/cmake)
-- Found Python3: /usr/bin/python3 (found version "3.10.12") found components: Interpreter 
-- Found rclcpp: 16.0.15 (/opt/ros/humble/share/rclcpp/cmake)
-- Found rosidl_generator_c: 3.1.7 (/opt/ros/humble/share/rosidl_generator_c/cmake)
-- Found rosidl_adapter: 3.1.7 (/opt/ros/humble/share/rosidl_adapter/cmake)
-- Found rosidl_generator_cpp: 3.1.7 (/opt/ros/humble/share/rosidl_generator_cpp/cmake)
-- Using all available rosidl_typesupport_c: rosidl_typesupport_fastrtps_c;rosidl_typesupport_introspection_c
-- Using all available rosidl_typesupport_cpp: rosidl_typesupport_fastrtps_cpp;rosidl_typesupport_introspection_cpp
-- Found rmw_implementation_cmake: 6.1.2 (/opt/ros/humble/share/rmw_implementation_cmake/cmake)
-- Found rmw_fastrtps_cpp: 6.2.9 (/opt/ros/humble/share/rmw_fastrtps_cpp/cmake)
-- Found OpenSSL: /usr/lib/x86_64-linux-gnu/libcrypto.so (found version "3.0.2")  
-- Found FastRTPS: /opt/ros/humble/include  
-- Using RMW implementation 'rmw_fastrtps_cpp' as default
-- Looking for pthread.h
-- Looking for pthread.h - found
-- Performing Test CMAKE_HAVE_LIBC_PTHREAD
-- Performing Test CMAKE_HAVE_LIBC_PTHREAD - Success
-- Found Threads: TRUE  
-- Found sensor_msgs: 4.9.0 (/opt/ros/humble/share/sensor_msgs/cmake)
-- Configuring done
-- Generating done
-- Build files have been written to: /home/sonia/ros2_sonia_ws/src/slam_detect/build/slam_detect
[ 33%] [32mBuilding CXX object CMakeFiles/slam_detect.dir/src/SlamDetect.cpp.o[0m
[ 66%] [32mBuilding CXX object CMakeFiles/slam_detect.dir/src/main.cpp.o[0m
In file included from [01m[K/home/sonia/ros2_sonia_ws/src/slam_detect/src/SlamDetect.cpp:1[m[K:
[01m[K/home/sonia/ros2_sonia_ws/src/slam_detect/include/slam_detect/SlamDetect.hpp:25:16:[m[K [01;31m[Kerror: [m[K‘[01m[Ktd[m[K’ has not been declared
   25 |     void sortX([01;31m[Ktd[m[K::vector<Point> &points);
      |                [01;31m[K^~[m[K
[01m[K/home/sonia/ros2_sonia_ws/src/slam_detect/include/slam_detect/SlamDetect.hpp:25:26:[m[K [01;31m[Kerror: [m[Kexpected ‘[01m[K,[m[K’ or ‘[01m[K...[m[K’ before ‘[01m[K<[m[K’ token
   25 |     void sortX(td::vector[01;31m[K<[m[KPoint> &points);
      |                          [01;31m[K^[m[K
[01m[K/home/sonia/ros2_sonia_ws/src/slam_detect/include/slam_detect/SlamDetect.hpp:27:16:[m[K [01;31m[Kerror: [m[K‘[01m[Ktd[m[K’ has not been declared
   27 |     void sortY([01;31m[Ktd[m[K::vector<Point> &points);
      |                [01;31m[K^~[m[K
[01m[K/home/sonia/ros2_sonia_ws/src/slam_detect/include/slam_detect/SlamDetect.hpp:27:26:[m[K [01;31m[Kerror: [m[Kexpected ‘[01m[K,[m[K’ or ‘[01m[K...[m[K’ before ‘[01m[K<[m[K’ token
   27 |     void sortY(td::vector[01;31m[K<[m[KPoint> &points);
      |                          [01;31m[K^[m[K
[01m[K/home/sonia/ros2_sonia_ws/src/slam_detect/include/slam_detect/SlamDetect.hpp:29:16:[m[K [01;31m[Kerror: [m[K‘[01m[Ktd[m[K’ has not been declared
   29 |     void sortZ([01;31m[Ktd[m[K::vector<Point> &points);
      |                [01;31m[K^~[m[K
[01m[K/home/sonia/ros2_sonia_ws/src/slam_detect/include/slam_detect/SlamDetect.hpp:29:26:[m[K [01;31m[Kerror: [m[Kexpected ‘[01m[K,[m[K’ or ‘[01m[K...[m[K’ before ‘[01m[K<[m[K’ token
   29 |     void sortZ(td::vector[01;31m[K<[m[KPoint> &points);
      |                          [01;31m[K^[m[K
[01m[K/home/sonia/ros2_sonia_ws/src/slam_detect/include/slam_detect/SlamDetect.hpp:31:17:[m[K [01;31m[Kerror: [m[K‘[01m[Ktd[m[K’ has not been declared
   31 |     void sort3D([01;31m[Ktd[m[K::vector<Point> &points);
      |                 [01;31m[K^~[m[K
[01m[K/home/sonia/ros2_sonia_ws/src/slam_detect/include/slam_detect/SlamDetect.hpp:31:27:[m[K [01;31m[Kerror: [m[Kexpected ‘[01m[K,[m[K’ or ‘[01m[K...[m[K’ before ‘[01m[K<[m[K’ token
   31 |     void sort3D(td::vector[01;31m[K<[m[KPoint> &points);
      |                           [01;31m[K^[m[K
In file included from [01m[K/home/sonia/ros2_sonia_ws/src/slam_detect/src/main.cpp:2[m[K:
[01m[K/home/sonia/ros2_sonia_ws/src/slam_detect/include/slam_detect/SlamDetect.hpp:25:16:[m[K [01;31m[Kerror: [m[K‘[01m[Ktd[m[K’ has not been declared
   25 |     void sortX([01;31m[Ktd[m[K::vector<Point> &points);
      |                [01;31m[K^~[m[K
[01m[K/home/sonia/ros2_sonia_ws/src/slam_detect/include/slam_detect/SlamDetect.hpp:25:26:[m[K [01;31m[Kerror: [m[Kexpected ‘[01m[K,[m[K’ or ‘[01m[K...[m[K’ before ‘[01m[K<[m[K’ token
   25 |     void sortX(td::vector[01;31m[K<[m[KPoint> &points);
      |                          [01;31m[K^[m[K
[01m[K/home/sonia/ros2_sonia_ws/src/slam_detect/include/slam_detect/SlamDetect.hpp:27:16:[m[K [01;31m[Kerror: [m[K‘[01m[Ktd[m[K’ has not been declared
   27 |     void sortY([01;31m[Ktd[m[K::vector<Point> &points);
      |                [01;31m[K^~[m[K
[01m[K/home/sonia/ros2_sonia_ws/src/slam_detect/include/slam_detect/SlamDetect.hpp:27:26:[m[K [01;31m[Kerror: [m[Kexpected ‘[01m[K,[m[K’ or ‘[01m[K...[m[K’ before ‘[01m[K<[m[K’ token
   27 |     void sortY(td::vector[01;31m[K<[m[KPoint> &points);
      |                          [01;31m[K^[m[K
[01m[K/home/sonia/ros2_sonia_ws/src/slam_detect/include/slam_detect/SlamDetect.hpp:29:16:[m[K [01;31m[Kerror: [m[K‘[01m[Ktd[m[K’ has not been declared
   29 |     void sortZ([01;31m[Ktd[m[K::vector<Point> &points);
      |                [01;31m[K^~[m[K
[01m[K/home/sonia/ros2_sonia_ws/src/slam_detect/include/slam_detect/SlamDetect.hpp:29:26:[m[K [01;31m[Kerror: [m[Kexpected ‘[01m[K,[m[K’ or ‘[01m[K...[m[K’ before ‘[01m[K<[m[K’ token
   29 |     void sortZ(td::vector[01;31m[K<[m[KPoint> &points);
      |                          [01;31m[K^[m[K
[01m[K/home/sonia/ros2_sonia_ws/src/slam_detect/include/slam_detect/SlamDetect.hpp:31:17:[m[K [01;31m[Kerror: [m[K‘[01m[Ktd[m[K’ has not been declared
   31 |     void sort3D([01;31m[Ktd[m[K::vector<Point> &points);
      |                 [01;31m[K^~[m[K
[01m[K/home/sonia/ros2_sonia_ws/src/slam_detect/include/slam_detect/SlamDetect.hpp:31:27:[m[K [01;31m[Kerror: [m[Kexpected ‘[01m[K,[m[K’ or ‘[01m[K...[m[K’ before ‘[01m[K<[m[K’ token
   31 |     void sort3D(td::vector[01;31m[K<[m[KPoint> &points);
      |                           [01;31m[K^[m[K
[01m[K/home/sonia/ros2_sonia_ws/src/slam_detect/src/SlamDetect.cpp:62:6:[m[K [01;31m[Kerror: [m[Kno declaration matches ‘[01m[Kvoid SlamDetect::sortX(std::vector<SlamDetect::Point>&)[m[K’
   62 | void [01;31m[KSlamDetect[m[K::sortX(std::vector<Point> &points){
      |      [01;31m[K^~~~~~~~~~[m[K
In file included from [01m[K/home/sonia/ros2_sonia_ws/src/slam_detect/src/SlamDetect.cpp:1[m[K:
[01m[K/home/sonia/ros2_sonia_ws/src/slam_detect/include/slam_detect/SlamDetect.hpp:25:10:[m[K [01;36m[Knote: [m[Kcandidate is: ‘[01m[Kvoid SlamDetect::sortX(int)[m[K’
   25 |     void [01;36m[KsortX[m[K(td::vector<Point> &points);
      |          [01;36m[K^~~~~[m[K
[01m[K/home/sonia/ros2_sonia_ws/src/slam_detect/include/slam_detect/SlamDetect.hpp:7:7:[m[K [01;36m[Knote: [m[K‘[01m[Kclass SlamDetect[m[K’ defined here
    7 | class [01;36m[KSlamDetect[m[K : public rclcpp::Node
      |       [01;36m[K^~~~~~~~~~[m[K
[01m[K/home/sonia/ros2_sonia_ws/src/slam_detect/src/SlamDetect.cpp:62:29:[m[K [01;31m[Kerror: [m[K‘[01m[Kstruct SlamDetect::Point[m[K’ is private within this context
   62 | void SlamDetect::sortX(std::[01;31m[Kvector<Point>[m[K &points){
      |                             [01;31m[K^~~~~~~~~~~~~[m[K
In file included from [01m[K/home/sonia/ros2_sonia_ws/src/slam_detect/src/SlamDetect.cpp:1[m[K:
[01m[K/home/sonia/ros2_sonia_ws/src/slam_detect/include/slam_detect/SlamDetect.hpp:15:12:[m[K [01;36m[Knote: [m[Kdeclared private here
   15 |     struct [01;36m[KPoint[m[K
      |            [01;36m[K^~~~~[m[K
[01m[K/home/sonia/ros2_sonia_ws/src/slam_detect/src/SlamDetect.cpp:66:6:[m[K [01;31m[Kerror: [m[Kno declaration matches ‘[01m[Kvoid SlamDetect::sortY(std::vector<SlamDetect::Point>&)[m[K’
   66 | void [01;31m[KSlamDetect[m[K::sortY(std::vector<Point> &points){
      |      [01;31m[K^~~~~~~~~~[m[K
In file included from [01m[K/home/sonia/ros2_sonia_ws/src/slam_detect/src/SlamDetect.cpp:1[m[K:
[01m[K/home/sonia/ros2_sonia_ws/src/slam_detect/include/slam_detect/SlamDetect.hpp:27:10:[m[K [01;36m[Knote: [m[Kcandidate is: ‘[01m[Kvoid SlamDetect::sortY(int)[m[K’
   27 |     void [01;36m[KsortY[m[K(td::vector<Point> &points);
      |          [01;36m[K^~~~~[m[K
[01m[K/home/sonia/ros2_sonia_ws/src/slam_detect/include/slam_detect/SlamDetect.hpp:7:7:[m[K [01;36m[Knote: [m[K‘[01m[Kclass SlamDetect[m[K’ defined here
    7 | class [01;36m[KSlamDetect[m[K : public rclcpp::Node
      |       [01;36m[K^~~~~~~~~~[m[K
[01m[K/home/sonia/ros2_sonia_ws/src/slam_detect/src/SlamDetect.cpp:66:29:[m[K [01;31m[Kerror: [m[K‘[01m[Kstruct SlamDetect::Point[m[K’ is private within this context
   66 | void SlamDetect::sortY(std::[01;31m[Kvector<Point>[m[K &points){
      |                             [01;31m[K^~~~~~~~~~~~~[m[K
In file included from [01m[K/home/sonia/ros2_sonia_ws/src/slam_detect/src/SlamDetect.cpp:1[m[K:
[01m[K/home/sonia/ros2_sonia_ws/src/slam_detect/include/slam_detect/SlamDetect.hpp:15:12:[m[K [01;36m[Knote: [m[Kdeclared private here
   15 |     struct [01;36m[KPoint[m[K
      |            [01;36m[K^~~~~[m[K
[01m[K/home/sonia/ros2_sonia_ws/src/slam_detect/src/SlamDetect.cpp:70:6:[m[K [01;31m[Kerror: [m[Kno declaration matches ‘[01m[Kvoid SlamDetect::sortZ(std::vector<SlamDetect::Point>&)[m[K’
   70 | void [01;31m[KSlamDetect[m[K::sortZ(std::vector<Point> &points){
      |      [01;31m[K^~~~~~~~~~[m[K
In file included from [01m[K/home/sonia/ros2_sonia_ws/src/slam_detect/src/SlamDetect.cpp:1[m[K:
[01m[K/home/sonia/ros2_sonia_ws/src/slam_detect/include/slam_detect/SlamDetect.hpp:29:10:[m[K [01;36m[Knote: [m[Kcandidate is: ‘[01m[Kvoid SlamDetect::sortZ(int)[m[K’
   29 |     void [01;36m[KsortZ[m[K(td::vector<Point> &points);
      |          [01;36m[K^~~~~[m[K
[01m[K/home/sonia/ros2_sonia_ws/src/slam_detect/include/slam_detect/SlamDetect.hpp:7:7:[m[K [01;36m[Knote: [m[K‘[01m[Kclass SlamDetect[m[K’ defined here
    7 | class [01;36m[KSlamDetect[m[K : public rclcpp::Node
      |       [01;36m[K^~~~~~~~~~[m[K
[01m[K/home/sonia/ros2_sonia_ws/src/slam_detect/src/SlamDetect.cpp:70:29:[m[K [01;31m[Kerror: [m[K‘[01m[Kstruct SlamDetect::Point[m[K’ is private within this context
   70 | void SlamDetect::sortZ(std::[01;31m[Kvector<Point>[m[K &points){
      |                             [01;31m[K^~~~~~~~~~~~~[m[K
In file included from [01m[K/home/sonia/ros2_sonia_ws/src/slam_detect/src/SlamDetect.cpp:1[m[K:
[01m[K/home/sonia/ros2_sonia_ws/src/slam_detect/include/slam_detect/SlamDetect.hpp:15:12:[m[K [01;36m[Knote: [m[Kdeclared private here
   15 |     struct [01;36m[KPoint[m[K
      |            [01;36m[K^~~~~[m[K
[01m[K/home/sonia/ros2_sonia_ws/src/slam_detect/src/SlamDetect.cpp:74:6:[m[K [01;31m[Kerror: [m[Kno declaration matches ‘[01m[Kvoid SlamDetect::sort3D(std::vector<SlamDetect::Point>&)[m[K’
   74 | void [01;31m[KSlamDetect[m[K::sort3D(std::vector<Point> &points){
      |      [01;31m[K^~~~~~~~~~[m[K
In file included from [01m[K/home/sonia/ros2_sonia_ws/src/slam_detect/src/SlamDetect.cpp:1[m[K:
[01m[K/home/sonia/ros2_sonia_ws/src/slam_detect/include/slam_detect/SlamDetect.hpp:31:10:[m[K [01;36m[Knote: [m[Kcandidate is: ‘[01m[Kvoid SlamDetect::sort3D(int)[m[K’
   31 |     void [01;36m[Ksort3D[m[K(td::vector<Point> &points);
      |          [01;36m[K^~~~~~[m[K
[01m[K/home/sonia/ros2_sonia_ws/src/slam_detect/include/slam_detect/SlamDetect.hpp:7:7:[m[K [01;36m[Knote: [m[K‘[01m[Kclass SlamDetect[m[K’ defined here
    7 | class [01;36m[KSlamDetect[m[K : public rclcpp::Node
      |       [01;36m[K^~~~~~~~~~[m[K
[01m[K/home/sonia/ros2_sonia_ws/src/slam_detect/src/SlamDetect.cpp:74:30:[m[K [01;31m[Kerror: [m[K‘[01m[Kstruct SlamDetect::Point[m[K’ is private within this context
   74 | void SlamDetect::sort3D(std::[01;31m[Kvector<Point>[m[K &points){
      |                              [01;31m[K^~~~~~~~~~~~~[m[K
In file included from [01m[K/home/sonia/ros2_sonia_ws/src/slam_detect/src/SlamDetect.cpp:1[m[K:
[01m[K/home/sonia/ros2_sonia_ws/src/slam_detect/include/slam_detect/SlamDetect.hpp:15:12:[m[K [01;36m[Knote: [m[Kdeclared private here
   15 |     struct [01;36m[KPoint[m[K
      |            [01;36m[K^~~~~[m[K
gmake[2]: *** [CMakeFiles/slam_detect.dir/build.make:90: CMakeFiles/slam_detect.dir/src/main.cpp.o] Error 1
gmake[2]: *** Waiting for unfinished jobs....
gmake[2]: *** [CMakeFiles/slam_detect.dir/build.make:76: CMakeFiles/slam_detect.dir/src/SlamDetect.cpp.o] Error 1
gmake[1]: *** [CMakeFiles/Makefile2:137: CMakeFiles/slam_detect.dir/all] Error 2
gmake: *** [Makefile:146: all] Error 2
